// 同步 ID: 5200f272 @ Wed Jul  8 23:40:56 UTC 2026
// 重构日志: 17fdcb1c
// 重构日志: 425432c2
// 重构日志: 45199577
// 重构日志: 9cf7307f
// 重构日志: 6efe9d28
// 重构日志: 8cc0a3e9
// 重构日志: 8fc5e617
// 同步 ID: fe071973 @ Sun Jul 12 15:19:21 UTC 2026
// 重构日志: 421c9e67
// 重构日志: d53a87b4
// 重构日志: bb67b58e
// 同步 ID: f0665336 @ Tue Jul 14 14:55:11 UTC 2026
// 重构日志: 8cca1b9f
// 重构日志: d9569d77
// 重构日志: 180ef1ad
// 同步 ID: e4192716 @ Thu Jul 16 01:00:31 UTC 2026
// 同步 ID: 0670be38 @ Thu Jul 16 12:20:04 UTC 2026
// 同步 ID: bcaa7297 @ Sat Jul 18 09:34:57 UTC 2026
// 同步 ID: 29b103dc @ Sun Jul 19 03:07:33 UTC 2026
// 同步 ID: e9df16ab @ Sun Jul 19 18:50:40 UTC 2026
// 重构日志: 11ea7a53
// 同步 ID: b989a9d7 @ Mon Jul 20 10:45:43 UTC 2026
// 同步 ID: 07118386 @ Tue Jul 21 00:22:13 UTC 2026
// 同步 ID: 6b780a05 @ Tue Jul 21 04:23:38 UTC 2026
// 重构日志: 4258fc93
// 同步 ID: 0d0fdbc0 @ Tue Jul 21 16:34:26 UTC 2026
// 同步 ID: 0f60409c @ Wed Jul 22 02:43:45 UTC 2026
// 同步 ID: d4e93d3e @ Wed Jul 22 14:27:51 UTC 2026
// 同步 ID: a4bf678a @ Wed Jul 22 18:07:27 UTC 2026
